f:\libmodplug-master\bin\modplug.dir\relwithdebinfo\modplug.pdb
f:\libmodplug-master\bin\modplug.dir\relwithdebinfo\load_psm.obj
f:\libmodplug-master\bin\modplug.dir\relwithdebinfo\load_pat.obj
f:\libmodplug-master\bin\modplug.dir\relwithdebinfo\load_okt.obj
f:\libmodplug-master\bin\modplug.dir\relwithdebinfo\load_mtm.obj
f:\libmodplug-master\bin\modplug.dir\relwithdebinfo\load_mt2.obj
f:\libmodplug-master\bin\modplug.dir\relwithdebinfo\load_mod.obj
f:\libmodplug-master\bin\modplug.dir\relwithdebinfo\load_mid.obj
f:\libmodplug-master\bin\modplug.dir\relwithdebinfo\load_med.obj
f:\libmodplug-master\bin\modplug.dir\relwithdebinfo\load_mdl.obj
f:\libmodplug-master\bin\modplug.dir\relwithdebinfo\load_j2b.obj
f:\libmodplug-master\bin\modplug.dir\relwithdebinfo\load_it.obj
f:\libmodplug-master\bin\modplug.dir\relwithdebinfo\load_far.obj
f:\libmodplug-master\bin\modplug.dir\relwithdebinfo\load_dsm.obj
f:\libmodplug-master\bin\modplug.dir\relwithdebinfo\load_dmf.obj
f:\libmodplug-master\bin\modplug.dir\relwithdebinfo\load_dbm.obj
f:\libmodplug-master\bin\modplug.dir\relwithdebinfo\load_ams.obj
f:\libmodplug-master\bin\modplug.dir\relwithdebinfo\load_amf.obj
f:\libmodplug-master\bin\modplug.dir\relwithdebinfo\load_abc.obj
f:\libmodplug-master\bin\modplug.dir\relwithdebinfo\load_669.obj
f:\libmodplug-master\bin\modplug.dir\relwithdebinfo\fastmix.obj
f:\libmodplug-master\bin\modplug.dir\relwithdebinfo\sndmix.obj
f:\libmodplug-master\bin\modplug.dir\relwithdebinfo\sndfile.obj
f:\libmodplug-master\bin\modplug.dir\relwithdebinfo\snd_fx.obj
f:\libmodplug-master\bin\modplug.dir\relwithdebinfo\snd_flt.obj
f:\libmodplug-master\bin\modplug.dir\relwithdebinfo\snd_dsp.obj
f:\libmodplug-master\bin\modplug.dir\relwithdebinfo\modplug.obj
f:\libmodplug-master\bin\modplug.dir\relwithdebinfo\mmcmp.obj
f:\libmodplug-master\bin\modplug.dir\relwithdebinfo\load_xm.obj
f:\libmodplug-master\bin\modplug.dir\relwithdebinfo\load_wav.obj
f:\libmodplug-master\bin\modplug.dir\relwithdebinfo\load_umx.obj
f:\libmodplug-master\bin\modplug.dir\relwithdebinfo\load_ult.obj
f:\libmodplug-master\bin\modplug.dir\relwithdebinfo\load_stm.obj
f:\libmodplug-master\bin\modplug.dir\relwithdebinfo\load_s3m.obj
f:\libmodplug-master\bin\modplug.dir\relwithdebinfo\load_ptm.obj
f:\libmodplug-master\bin\cmakefiles\generate.stamp
f:\libmodplug-master\bin\relwithdebinfo\modplug.lib
f:\libmodplug-master\bin\modplug.dir\relwithdebinfo\modplug.tlog\cl.command.1.tlog
f:\libmodplug-master\bin\modplug.dir\relwithdebinfo\modplug.tlog\cl.read.1.tlog
f:\libmodplug-master\bin\modplug.dir\relwithdebinfo\modplug.tlog\cl.write.1.tlog
f:\libmodplug-master\bin\modplug.dir\relwithdebinfo\modplug.tlog\custombuild.command.1.tlog
f:\libmodplug-master\bin\modplug.dir\relwithdebinfo\modplug.tlog\custombuild.read.1.tlog
f:\libmodplug-master\bin\modplug.dir\relwithdebinfo\modplug.tlog\custombuild.write.1.tlog
f:\libmodplug-master\bin\modplug.dir\relwithdebinfo\modplug.tlog\lib-link.read.1.tlog
f:\libmodplug-master\bin\modplug.dir\relwithdebinfo\modplug.tlog\lib-link.write.1.tlog
f:\libmodplug-master\bin\modplug.dir\relwithdebinfo\modplug.tlog\lib.command.1.tlog
