f:\libmodplug-master\bin\modplug.dir\release\load_psm.obj
f:\libmodplug-master\bin\modplug.dir\release\load_pat.obj
f:\libmodplug-master\bin\modplug.dir\release\load_okt.obj
f:\libmodplug-master\bin\modplug.dir\release\load_mtm.obj
f:\libmodplug-master\bin\modplug.dir\release\load_mt2.obj
f:\libmodplug-master\bin\modplug.dir\release\load_mod.obj
f:\libmodplug-master\bin\modplug.dir\release\load_mid.obj
f:\libmodplug-master\bin\modplug.dir\release\load_med.obj
f:\libmodplug-master\bin\modplug.dir\release\load_mdl.obj
f:\libmodplug-master\bin\modplug.dir\release\load_j2b.obj
f:\libmodplug-master\bin\modplug.dir\release\load_it.obj
f:\libmodplug-master\bin\modplug.dir\release\load_far.obj
f:\libmodplug-master\bin\modplug.dir\release\load_dsm.obj
f:\libmodplug-master\bin\modplug.dir\release\load_dmf.obj
f:\libmodplug-master\bin\modplug.dir\release\load_dbm.obj
f:\libmodplug-master\bin\modplug.dir\release\load_ams.obj
f:\libmodplug-master\bin\modplug.dir\release\load_amf.obj
f:\libmodplug-master\bin\modplug.dir\release\load_abc.obj
f:\libmodplug-master\bin\modplug.dir\release\load_669.obj
f:\libmodplug-master\bin\modplug.dir\release\fastmix.obj
f:\libmodplug-master\bin\modplug.dir\release\sndmix.obj
f:\libmodplug-master\bin\modplug.dir\release\sndfile.obj
f:\libmodplug-master\bin\modplug.dir\release\snd_fx.obj
f:\libmodplug-master\bin\modplug.dir\release\snd_flt.obj
f:\libmodplug-master\bin\modplug.dir\release\snd_dsp.obj
f:\libmodplug-master\bin\modplug.dir\release\modplug.obj
f:\libmodplug-master\bin\modplug.dir\release\mmcmp.obj
f:\libmodplug-master\bin\modplug.dir\release\load_xm.obj
f:\libmodplug-master\bin\modplug.dir\release\load_wav.obj
f:\libmodplug-master\bin\modplug.dir\release\load_umx.obj
f:\libmodplug-master\bin\modplug.dir\release\load_ult.obj
f:\libmodplug-master\bin\modplug.dir\release\load_stm.obj
f:\libmodplug-master\bin\modplug.dir\release\load_s3m.obj
f:\libmodplug-master\bin\modplug.dir\release\load_ptm.obj
f:\libmodplug-master\bin\cmakefiles\generate.stamp
f:\libmodplug-master\bin\release\modplug.dll
f:\libmodplug-master\bin\release\modplug.lib
f:\libmodplug-master\bin\release\modplug.exp
f:\libmodplug-master\bin\modplug.dir\release\modplug.tlog\cl.command.1.tlog
f:\libmodplug-master\bin\modplug.dir\release\modplug.tlog\cl.read.1.tlog
f:\libmodplug-master\bin\modplug.dir\release\modplug.tlog\cl.write.1.tlog
f:\libmodplug-master\bin\modplug.dir\release\modplug.tlog\custombuild.command.1.tlog
f:\libmodplug-master\bin\modplug.dir\release\modplug.tlog\custombuild.read.1.tlog
f:\libmodplug-master\bin\modplug.dir\release\modplug.tlog\custombuild.write.1.tlog
f:\libmodplug-master\bin\modplug.dir\release\modplug.tlog\link.command.1.tlog
f:\libmodplug-master\bin\modplug.dir\release\modplug.tlog\link.read.1.tlog
f:\libmodplug-master\bin\modplug.dir\release\modplug.tlog\link.write.1.tlog
f:\libmodplug-master\bin\modplug.dir\release\modplug.tlog\modplug.write.1u.tlog
