f:\libmodplug-master\bin\modplug.dir\debug\modplug.pdb
f:\libmodplug-master\bin\modplug.dir\debug\load_psm.obj
f:\libmodplug-master\bin\modplug.dir\debug\load_pat.obj
f:\libmodplug-master\bin\modplug.dir\debug\load_okt.obj
f:\libmodplug-master\bin\modplug.dir\debug\load_mtm.obj
f:\libmodplug-master\bin\modplug.dir\debug\load_mt2.obj
f:\libmodplug-master\bin\modplug.dir\debug\load_mod.obj
f:\libmodplug-master\bin\modplug.dir\debug\load_mid.obj
f:\libmodplug-master\bin\modplug.dir\debug\load_med.obj
f:\libmodplug-master\bin\modplug.dir\debug\load_mdl.obj
f:\libmodplug-master\bin\modplug.dir\debug\load_j2b.obj
f:\libmodplug-master\bin\modplug.dir\debug\load_it.obj
f:\libmodplug-master\bin\modplug.dir\debug\load_far.obj
f:\libmodplug-master\bin\modplug.dir\debug\load_dsm.obj
f:\libmodplug-master\bin\modplug.dir\debug\load_dmf.obj
f:\libmodplug-master\bin\modplug.dir\debug\load_dbm.obj
f:\libmodplug-master\bin\modplug.dir\debug\load_ams.obj
f:\libmodplug-master\bin\modplug.dir\debug\load_amf.obj
f:\libmodplug-master\bin\modplug.dir\debug\load_abc.obj
f:\libmodplug-master\bin\modplug.dir\debug\load_669.obj
f:\libmodplug-master\bin\modplug.dir\debug\fastmix.obj
f:\libmodplug-master\bin\modplug.dir\debug\sndmix.obj
f:\libmodplug-master\bin\modplug.dir\debug\sndfile.obj
f:\libmodplug-master\bin\modplug.dir\debug\snd_fx.obj
f:\libmodplug-master\bin\modplug.dir\debug\snd_flt.obj
f:\libmodplug-master\bin\modplug.dir\debug\snd_dsp.obj
f:\libmodplug-master\bin\modplug.dir\debug\modplug.obj
f:\libmodplug-master\bin\modplug.dir\debug\mmcmp.obj
f:\libmodplug-master\bin\modplug.dir\debug\load_xm.obj
f:\libmodplug-master\bin\modplug.dir\debug\load_wav.obj
f:\libmodplug-master\bin\modplug.dir\debug\load_umx.obj
f:\libmodplug-master\bin\modplug.dir\debug\load_ult.obj
f:\libmodplug-master\bin\modplug.dir\debug\load_stm.obj
f:\libmodplug-master\bin\modplug.dir\debug\load_s3m.obj
f:\libmodplug-master\bin\modplug.dir\debug\load_ptm.obj
f:\libmodplug-master\bin\cmakefiles\generate.stamp
f:\libmodplug-master\bin\debug\modplug.lib
f:\libmodplug-master\bin\debug\modplug.pdb
f:\libmodplug-master\bin\modplug.dir\debug\modplug.tlog\cl.command.1.tlog
f:\libmodplug-master\bin\modplug.dir\debug\modplug.tlog\cl.read.1.tlog
f:\libmodplug-master\bin\modplug.dir\debug\modplug.tlog\cl.write.1.tlog
f:\libmodplug-master\bin\modplug.dir\debug\modplug.tlog\custombuild.command.1.tlog
f:\libmodplug-master\bin\modplug.dir\debug\modplug.tlog\custombuild.read.1.tlog
f:\libmodplug-master\bin\modplug.dir\debug\modplug.tlog\custombuild.write.1.tlog
f:\libmodplug-master\bin\modplug.dir\debug\modplug.tlog\lib-link.read.1.tlog
f:\libmodplug-master\bin\modplug.dir\debug\modplug.tlog\lib-link.write.1.tlog
f:\libmodplug-master\bin\modplug.dir\debug\modplug.tlog\lib.command.1.tlog
