Build started 7/9/2016 1:15:25 PM.
     1>Project "F:\libmodplug-master\bin\modplug.vcxproj" on node 2 (Build target(s)).
     1>CustomBuild:
         Building Custom Rule F:/libmodplug-master/CMakeLists.txt
         CMake does not need to re-run because F:\libmodplug-master\bin\CMakeFiles\generate.stamp is up-to-date.
       ClCompile:
         C:\Program Files (x86)\Microsoft Visual Studio 14.0\VC\bin\x86_amd64\CL.exe /c /I"F:\libmodplug-master\src" /I"F:\libmodplug-master\src\libmodplug" /I"F:\libmodplug-master\bin" /nologo /W3 /WX- /O1 /Ob1 /D WIN32 /D _WINDOWS /D NDEBUG /D MODPLUG_BUILD /D _USE_MATH_DEFINES /D NOMINMAX /D MODPLUG_STATIC /D HAVE_SINF /D "CMAKE_INTDIR=\"MinSizeRel\"" /D _MBCS /Gm- /EHsc /MD /GS /fp:precise /Zc:wchar_t /Zc:forScope /Zc:inline /GR /Fo"modplug.dir\MinSizeRel\\" /Fd"modplug.dir\MinSizeRel\modplug.pdb" /Gd /TP /errorReport:prompt "F:\libmodplug-master\src\fastmix.cpp" "F:\libmodplug-master\src\load_669.cpp" "F:\libmodplug-master\src\load_abc.cpp" "F:\libmodplug-master\src\load_amf.cpp" "F:\libmodplug-master\src\load_ams.cpp" "F:\libmodplug-master\src\load_dbm.cpp" "F:\libmodplug-master\src\load_dmf.cpp" "F:\libmodplug-master\src\load_dsm.cpp" "F:\libmodplug-master\src\load_far.cpp" "F:\libmodplug-master\src\load_it.cpp" "F:\libmodplug-master\src\load_j2b.cpp" "F:\libmodplug-master\src\load_mdl.cpp" "F:\libmodplug-master\src\load_med.cpp" "F:\libmodplug-master\src\load_mid.cpp" "F:\libmodplug-master\src\load_mod.cpp" "F:\libmodplug-master\src\load_mt2.cpp" "F:\libmodplug-master\src\load_mtm.cpp" "F:\libmodplug-master\src\load_okt.cpp" "F:\libmodplug-master\src\load_pat.cpp" "F:\libmodplug-master\src\load_psm.cpp" "F:\libmodplug-master\src\load_ptm.cpp" "F:\libmodplug-master\src\load_s3m.cpp" "F:\libmodplug-master\src\load_stm.cpp" "F:\libmodplug-master\src\load_ult.cpp" "F:\libmodplug-master\src\load_umx.cpp" "F:\libmodplug-master\src\load_wav.cpp" "F:\libmodplug-master\src\load_xm.cpp" "F:\libmodplug-master\src\mmcmp.cpp" "F:\libmodplug-master\src\modplug.cpp" "F:\libmodplug-master\src\snd_dsp.cpp" "F:\libmodplug-master\src\snd_flt.cpp" "F:\libmodplug-master\src\snd_fx.cpp" "F:\libmodplug-master\src\sndfile.cpp" "F:\libmodplug-master\src\sndmix.cpp"
         fastmix.cpp
         load_669.cpp
         load_abc.cpp
     1>F:\libmodplug-master\src\load_abc.cpp(262): warning C4267: 'initializing': conversion from 'size_t' to 'int', possible loss of data
     1>F:\libmodplug-master\src\load_abc.cpp(264): warning C4996: 'sprintf': This function or variable may be unsafe. Consider using sprintf_s instead. To disable deprecation, use _CRT_SECURE_NO_WARNINGS. See online help for details.
         C:\Program Files (x86)\Windows Kits\10\Include\10.0.10150.0\ucrt\stdio.h(1769): note: see declaration of 'sprintf'
     1>F:\libmodplug-master\src\load_abc.cpp(315): warning C4996: 'sprintf': This function or variable may be unsafe. Consider using sprintf_s instead. To disable deprecation, use _CRT_SECURE_NO_WARNINGS. See online help for details.
         C:\Program Files (x86)\Windows Kits\10\Include\10.0.10150.0\ucrt\stdio.h(1769): note: see declaration of 'sprintf'
     1>F:\libmodplug-master\src\load_abc.cpp(393): warning C4996: 'strcpy': This function or variable may be unsafe. Consider using strcpy_s instead. To disable deprecation, use _CRT_SECURE_NO_WARNINGS. See online help for details.
         C:\Program Files (x86)\Windows Kits\10\Include\10.0.10150.0\ucrt\string.h(119): note: see declaration of 'strcpy'
     1>F:\libmodplug-master\src\load_abc.cpp(433): warning C4996: 'fopen': This function or variable may be unsafe. Consider using fopen_s instead. To disable deprecation, use _CRT_SECURE_NO_WARNINGS. See online help for details.
         C:\Program Files (x86)\Windows Kits\10\Include\10.0.10150.0\ucrt\stdio.h(205): note: see declaration of 'fopen'
     1>F:\libmodplug-master\src\load_abc.cpp(600): warning C4996: 'strncpy': This function or variable may be unsafe. Consider using strncpy_s instead. To disable deprecation, use _CRT_SECURE_NO_WARNINGS. See online help for details.
         C:\Program Files (x86)\Windows Kits\10\Include\10.0.10150.0\ucrt\string.h(346): note: see declaration of 'strncpy'
     1>F:\libmodplug-master\src\load_abc.cpp(864): warning C4996: 'strncpy': This function or variable may be unsafe. Consider using strncpy_s instead. To disable deprecation, use _CRT_SECURE_NO_WARNINGS. See online help for details.
         C:\Program Files (x86)\Windows Kits\10\Include\10.0.10150.0\ucrt\string.h(346): note: see declaration of 'strncpy'
     1>F:\libmodplug-master\src\load_abc.cpp(1829): warning C4267: '=': conversion from 'size_t' to 'int', possible loss of data
     1>F:\libmodplug-master\src\load_abc.cpp(1839): warning C4267: '=': conversion from 'size_t' to 'int', possible loss of data
     1>F:\libmodplug-master\src\load_abc.cpp(2020): warning C4996: 'strcpy': This function or variable may be unsafe. Consider using strcpy_s instead. To disable deprecation, use _CRT_SECURE_NO_WARNINGS. See online help for details.
         C:\Program Files (x86)\Windows Kits\10\Include\10.0.10150.0\ucrt\string.h(119): note: see declaration of 'strcpy'
     1>F:\libmodplug-master\src\load_abc.cpp(2192): warning C4267: 'initializing': conversion from 'size_t' to 'int', possible loss of data
     1>F:\libmodplug-master\src\load_abc.cpp(2193): warning C4267: 'initializing': conversion from 'size_t' to 'int', possible loss of data
     1>F:\libmodplug-master\src\load_abc.cpp(2197): warning C4267: '=': conversion from 'size_t' to 'int', possible loss of data
     1>F:\libmodplug-master\src\load_abc.cpp(2207): warning C4996: 'strcpy': This function or variable may be unsafe. Consider using strcpy_s instead. To disable deprecation, use _CRT_SECURE_NO_WARNINGS. See online help for details.
         C:\Program Files (x86)\Windows Kits\10\Include\10.0.10150.0\ucrt\string.h(119): note: see declaration of 'strcpy'
     1>F:\libmodplug-master\src\load_abc.cpp(2208): warning C4996: 'strcat': This function or variable may be unsafe. Consider using strcat_s instead. To disable deprecation, use _CRT_SECURE_NO_WARNINGS. See online help for details.
         C:\Program Files (x86)\Windows Kits\10\Include\10.0.10150.0\ucrt\string.h(90): note: see declaration of 'strcat'
     1>F:\libmodplug-master\src\load_abc.cpp(2217): warning C4244: '=': conversion from '__int64' to 'int', possible loss of data
     1>F:\libmodplug-master\src\load_abc.cpp(2222): warning C4267: '=': conversion from 'size_t' to 'int', possible loss of data
     1>F:\libmodplug-master\src\load_abc.cpp(2220): warning C4996: 'strcpy': This function or variable may be unsafe. Consider using strcpy_s instead. To disable deprecation, use _CRT_SECURE_NO_WARNINGS. See online help for details.
         C:\Program Files (x86)\Windows Kits\10\Include\10.0.10150.0\ucrt\string.h(119): note: see declaration of 'strcpy'
     1>F:\libmodplug-master\src\load_abc.cpp(2257): warning C4267: '=': conversion from 'size_t' to 'int', possible loss of data
     1>F:\libmodplug-master\src\load_abc.cpp(2347): warning C4996: 'strcpy': This function or variable may be unsafe. Consider using strcpy_s instead. To disable deprecation, use _CRT_SECURE_NO_WARNINGS. See online help for details.
         C:\Program Files (x86)\Windows Kits\10\Include\10.0.10150.0\ucrt\string.h(119): note: see declaration of 'strcpy'
     1>F:\libmodplug-master\src\load_abc.cpp(2349): warning C4996: 'getenv': This function or variable may be unsafe. Consider using _dupenv_s instead. To disable deprecation, use _CRT_SECURE_NO_WARNINGS. See online help for details.
         C:\Program Files (x86)\Windows Kits\10\Include\10.0.10150.0\ucrt\stdlib.h(1183): note: see declaration of 'getenv'
     1>F:\libmodplug-master\src\load_abc.cpp(2355): warning C4996: 'sprintf': This function or variable may be unsafe. Consider using sprintf_s instead. To disable deprecation, use _CRT_SECURE_NO_WARNINGS. See online help for details.
         C:\Program Files (x86)\Windows Kits\10\Include\10.0.10150.0\ucrt\stdio.h(1769): note: see declaration of 'sprintf'
     1>F:\libmodplug-master\src\load_abc.cpp(2363): warning C4996: 'sprintf': This function or variable may be unsafe. Consider using sprintf_s instead. To disable deprecation, use _CRT_SECURE_NO_WARNINGS. See online help for details.
         C:\Program Files (x86)\Windows Kits\10\Include\10.0.10150.0\ucrt\stdio.h(1769): note: see declaration of 'sprintf'
     1>F:\libmodplug-master\src\load_abc.cpp(2647): warning C4996: 'strcpy': This function or variable may be unsafe. Consider using strcpy_s instead. To disable deprecation, use _CRT_SECURE_NO_WARNINGS. See online help for details.
         C:\Program Files (x86)\Windows Kits\10\Include\10.0.10150.0\ucrt\string.h(119): note: see declaration of 'strcpy'
     1>F:\libmodplug-master\src\load_abc.cpp(2708): warning C4996: 'strcpy': This function or variable may be unsafe. Consider using strcpy_s instead. To disable deprecation, use _CRT_SECURE_NO_WARNINGS. See online help for details.
         C:\Program Files (x86)\Windows Kits\10\Include\10.0.10150.0\ucrt\string.h(119): note: see declaration of 'strcpy'
     1>F:\libmodplug-master\src\load_abc.cpp(3093): warning C4996: 'sscanf': This function or variable may be unsafe. Consider using sscanf_s instead. To disable deprecation, use _CRT_SECURE_NO_WARNINGS. See online help for details.
         C:\Program Files (x86)\Windows Kits\10\Include\10.0.10150.0\ucrt\stdio.h(2254): note: see declaration of 'sscanf'
     1>F:\libmodplug-master\src\load_abc.cpp(3124): warning C4267: '=': conversion from 'size_t' to 'int', possible loss of data
     1>F:\libmodplug-master\src\load_abc.cpp(3189): warning C4267: '=': conversion from 'size_t' to 'int', possible loss of data
     1>F:\libmodplug-master\src\load_abc.cpp(3533): warning C4996: 'strcpy': This function or variable may be unsafe. Consider using strcpy_s instead. To disable deprecation, use _CRT_SECURE_NO_WARNINGS. See online help for details.
         C:\Program Files (x86)\Windows Kits\10\Include\10.0.10150.0\ucrt\string.h(119): note: see declaration of 'strcpy'
     1>F:\libmodplug-master\src\load_abc.cpp(3534): warning C4996: 'strcat': This function or variable may be unsafe. Consider using strcat_s instead. To disable deprecation, use _CRT_SECURE_NO_WARNINGS. See online help for details.
         C:\Program Files (x86)\Windows Kits\10\Include\10.0.10150.0\ucrt\string.h(90): note: see declaration of 'strcat'
     1>F:\libmodplug-master\src\load_abc.cpp(3748): warning C4267: '=': conversion from 'size_t' to 'uint32_t', possible loss of data
     1>F:\libmodplug-master\src\load_abc.cpp(3895): warning C4267: '=': conversion from 'size_t' to 'uint32_t', possible loss of data
     1>F:\libmodplug-master\src\load_abc.cpp(3705): warning C4996: 'strcpy': This function or variable may be unsafe. Consider using strcpy_s instead. To disable deprecation, use _CRT_SECURE_NO_WARNINGS. See online help for details.
         C:\Program Files (x86)\Windows Kits\10\Include\10.0.10150.0\ucrt\string.h(119): note: see declaration of 'strcpy'
     1>F:\libmodplug-master\src\load_abc.cpp(3713): warning C4996: 'strcpy': This function or variable may be unsafe. Consider using strcpy_s instead. To disable deprecation, use _CRT_SECURE_NO_WARNINGS. See online help for details.
         C:\Program Files (x86)\Windows Kits\10\Include\10.0.10150.0\ucrt\string.h(119): note: see declaration of 'strcpy'
     1>F:\libmodplug-master\src\load_abc.cpp(3723): warning C4996: 'sscanf': This function or variable may be unsafe. Consider using sscanf_s instead. To disable deprecation, use _CRT_SECURE_NO_WARNINGS. See online help for details.
         C:\Program Files (x86)\Windows Kits\10\Include\10.0.10150.0\ucrt\stdio.h(2254): note: see declaration of 'sscanf'
     1>F:\libmodplug-master\src\load_abc.cpp(3751): warning C4996: 'strcpy': This function or variable may be unsafe. Consider using strcpy_s instead. To disable deprecation, use _CRT_SECURE_NO_WARNINGS. See online help for details.
         C:\Program Files (x86)\Windows Kits\10\Include\10.0.10150.0\ucrt\string.h(119): note: see declaration of 'strcpy'
     1>F:\libmodplug-master\src\load_abc.cpp(3753): warning C4996: 'strcat': This function or variable may be unsafe. Consider using strcat_s instead. To disable deprecation, use _CRT_SECURE_NO_WARNINGS. See online help for details.
         C:\Program Files (x86)\Windows Kits\10\Include\10.0.10150.0\ucrt\string.h(90): note: see declaration of 'strcat'
     1>F:\libmodplug-master\src\load_abc.cpp(3754): warning C4996: 'strcat': This function or variable may be unsafe. Consider using strcat_s instead. To disable deprecation, use _CRT_SECURE_NO_WARNINGS. See online help for details.
         C:\Program Files (x86)\Windows Kits\10\Include\10.0.10150.0\ucrt\string.h(90): note: see declaration of 'strcat'
     1>F:\libmodplug-master\src\load_abc.cpp(3756): warning C4996: 'strcpy': This function or variable may be unsafe. Consider using strcpy_s instead. To disable deprecation, use _CRT_SECURE_NO_WARNINGS. See online help for details.
         C:\Program Files (x86)\Windows Kits\10\Include\10.0.10150.0\ucrt\string.h(119): note: see declaration of 'strcpy'
     1>F:\libmodplug-master\src\load_abc.cpp(3776): warning C4996: 'sprintf': This function or variable may be unsafe. Consider using sprintf_s instead. To disable deprecation, use _CRT_SECURE_NO_WARNINGS. See online help for details.
         C:\Program Files (x86)\Windows Kits\10\Include\10.0.10150.0\ucrt\stdio.h(1769): note: see declaration of 'sprintf'
     1>F:\libmodplug-master\src\load_abc.cpp(3858): warning C4996: 'sprintf': This function or variable may be unsafe. Consider using sprintf_s instead. To disable deprecation, use _CRT_SECURE_NO_WARNINGS. See online help for details.
         C:\Program Files (x86)\Windows Kits\10\Include\10.0.10150.0\ucrt\stdio.h(1769): note: see declaration of 'sprintf'
     1>F:\libmodplug-master\src\load_abc.cpp(3869): warning C4996: 'sprintf': This function or variable may be unsafe. Consider using sprintf_s instead. To disable deprecation, use _CRT_SECURE_NO_WARNINGS. See online help for details.
         C:\Program Files (x86)\Windows Kits\10\Include\10.0.10150.0\ucrt\stdio.h(1769): note: see declaration of 'sprintf'
     1>F:\libmodplug-master\src\load_abc.cpp(3875): warning C4996: 'sscanf': This function or variable may be unsafe. Consider using sscanf_s instead. To disable deprecation, use _CRT_SECURE_NO_WARNINGS. See online help for details.
         C:\Program Files (x86)\Windows Kits\10\Include\10.0.10150.0\ucrt\stdio.h(2254): note: see declaration of 'sscanf'
     1>F:\libmodplug-master\src\load_abc.cpp(3898): warning C4996: 'strcpy': This function or variable may be unsafe. Consider using strcpy_s instead. To disable deprecation, use _CRT_SECURE_NO_WARNINGS. See online help for details.
         C:\Program Files (x86)\Windows Kits\10\Include\10.0.10150.0\ucrt\string.h(119): note: see declaration of 'strcpy'
     1>F:\libmodplug-master\src\load_abc.cpp(3900): warning C4996: 'strcat': This function or variable may be unsafe. Consider using strcat_s instead. To disable deprecation, use _CRT_SECURE_NO_WARNINGS. See online help for details.
         C:\Program Files (x86)\Windows Kits\10\Include\10.0.10150.0\ucrt\string.h(90): note: see declaration of 'strcat'
     1>F:\libmodplug-master\src\load_abc.cpp(3901): warning C4996: 'strcat': This function or variable may be unsafe. Consider using strcat_s instead. To disable deprecation, use _CRT_SECURE_NO_WARNINGS. See online help for details.
         C:\Program Files (x86)\Windows Kits\10\Include\10.0.10150.0\ucrt\string.h(90): note: see declaration of 'strcat'
     1>F:\libmodplug-master\src\load_abc.cpp(3903): warning C4996: 'strcpy': This function or variable may be unsafe. Consider using strcpy_s instead. To disable deprecation, use _CRT_SECURE_NO_WARNINGS. See online help for details.
         C:\Program Files (x86)\Windows Kits\10\Include\10.0.10150.0\ucrt\string.h(119): note: see declaration of 'strcpy'
     1>F:\libmodplug-master\src\load_abc.cpp(4062): warning C4996: 'sprintf': This function or variable may be unsafe. Consider using sprintf_s instead. To disable deprecation, use _CRT_SECURE_NO_WARNINGS. See online help for details.
         C:\Program Files (x86)\Windows Kits\10\Include\10.0.10150.0\ucrt\stdio.h(1769): note: see declaration of 'sprintf'
     1>F:\libmodplug-master\src\load_abc.cpp(4072): warning C4996: 'sprintf': This function or variable may be unsafe. Consider using sprintf_s instead. To disable deprecation, use _CRT_SECURE_NO_WARNINGS. See online help for details.
         C:\Program Files (x86)\Windows Kits\10\Include\10.0.10150.0\ucrt\stdio.h(1769): note: see declaration of 'sprintf'
     1>F:\libmodplug-master\src\load_abc.cpp(4327): warning C4996: 'sprintf': This function or variable may be unsafe. Consider using sprintf_s instead. To disable deprecation, use _CRT_SECURE_NO_WARNINGS. See online help for details.
         C:\Program Files (x86)\Windows Kits\10\Include\10.0.10150.0\ucrt\stdio.h(1769): note: see declaration of 'sprintf'
     1>F:\libmodplug-master\src\load_abc.cpp(4696): warning C4996: 'sprintf': This function or variable may be unsafe. Consider using sprintf_s instead. To disable deprecation, use _CRT_SECURE_NO_WARNINGS. See online help for details.
         C:\Program Files (x86)\Windows Kits\10\Include\10.0.10150.0\ucrt\stdio.h(1769): note: see declaration of 'sprintf'
     1>F:\libmodplug-master\src\load_abc.cpp(4728): warning C4996: 'sprintf': This function or variable may be unsafe. Consider using sprintf_s instead. To disable deprecation, use _CRT_SECURE_NO_WARNINGS. See online help for details.
         C:\Program Files (x86)\Windows Kits\10\Include\10.0.10150.0\ucrt\stdio.h(1769): note: see declaration of 'sprintf'
     1>F:\libmodplug-master\src\load_abc.cpp(4771): warning C4996: 'getenv': This function or variable may be unsafe. Consider using _dupenv_s instead. To disable deprecation, use _CRT_SECURE_NO_WARNINGS. See online help for details.
         C:\Program Files (x86)\Windows Kits\10\Include\10.0.10150.0\ucrt\stdlib.h(1183): note: see declaration of 'getenv'
         load_amf.cpp
         load_ams.cpp
         load_dbm.cpp
         load_dmf.cpp
     1>F:\libmodplug-master\src\load_dmf.cpp(605): warning C4244: 'return': conversion from '__int64' to 'int', possible loss of data
         load_dsm.cpp
         load_far.cpp
         load_it.cpp
         load_j2b.cpp
         load_mdl.cpp
         load_med.cpp
         load_mid.cpp
     1>F:\libmodplug-master\src\load_mid.cpp(213): warning C4996: 'sprintf': This function or variable may be unsafe. Consider using sprintf_s instead. To disable deprecation, use _CRT_SECURE_NO_WARNINGS. See online help for details.
         C:\Program Files (x86)\Windows Kits\10\Include\10.0.10150.0\ucrt\stdio.h(1769): note: see declaration of 'sprintf'
     1>F:\libmodplug-master\src\load_mid.cpp(1077): warning C4996: 'sprintf': This function or variable may be unsafe. Consider using sprintf_s instead. To disable deprecation, use _CRT_SECURE_NO_WARNINGS. See online help for details.
         C:\Program Files (x86)\Windows Kits\10\Include\10.0.10150.0\ucrt\stdio.h(1769): note: see declaration of 'sprintf'
     1>F:\libmodplug-master\src\load_mid.cpp(1131): warning C4996: 'sprintf': This function or variable may be unsafe. Consider using sprintf_s instead. To disable deprecation, use _CRT_SECURE_NO_WARNINGS. See online help for details.
         C:\Program Files (x86)\Windows Kits\10\Include\10.0.10150.0\ucrt\stdio.h(1769): note: see declaration of 'sprintf'
     1>F:\libmodplug-master\src\load_mid.cpp(1187): warning C4996: 'getenv': This function or variable may be unsafe. Consider using _dupenv_s instead. To disable deprecation, use _CRT_SECURE_NO_WARNINGS. See online help for details.
         C:\Program Files (x86)\Windows Kits\10\Include\10.0.10150.0\ucrt\stdlib.h(1183): note: see declaration of 'getenv'
     1>F:\libmodplug-master\src\load_mid.cpp(1188): warning C4996: 'getenv': This function or variable may be unsafe. Consider using _dupenv_s instead. To disable deprecation, use _CRT_SECURE_NO_WARNINGS. See online help for details.
         C:\Program Files (x86)\Windows Kits\10\Include\10.0.10150.0\ucrt\stdlib.h(1183): note: see declaration of 'getenv'
     1>F:\libmodplug-master\src\load_mid.cpp(1212): warning C4996: 'getenv': This function or variable may be unsafe. Consider using _dupenv_s instead. To disable deprecation, use _CRT_SECURE_NO_WARNINGS. See online help for details.
         C:\Program Files (x86)\Windows Kits\10\Include\10.0.10150.0\ucrt\stdlib.h(1183): note: see declaration of 'getenv'
     1>F:\libmodplug-master\src\load_mid.cpp(1233): warning C4996: 'strcpy': This function or variable may be unsafe. Consider using strcpy_s instead. To disable deprecation, use _CRT_SECURE_NO_WARNINGS. See online help for details.
         C:\Program Files (x86)\Windows Kits\10\Include\10.0.10150.0\ucrt\string.h(119): note: see declaration of 'strcpy'
     1>F:\libmodplug-master\src\load_mid.cpp(1428): warning C4996: 'strcpy': This function or variable may be unsafe. Consider using strcpy_s instead. To disable deprecation, use _CRT_SECURE_NO_WARNINGS. See online help for details.
         C:\Program Files (x86)\Windows Kits\10\Include\10.0.10150.0\ucrt\string.h(119): note: see declaration of 'strcpy'
     1>F:\libmodplug-master\src\load_mid.cpp(1447): warning C4996: 'sprintf': This function or variable may be unsafe. Consider using sprintf_s instead. To disable deprecation, use _CRT_SECURE_NO_WARNINGS. See online help for details.
         C:\Program Files (x86)\Windows Kits\10\Include\10.0.10150.0\ucrt\stdio.h(1769): note: see declaration of 'sprintf'
         load_mod.cpp
         load_mt2.cpp
         load_mtm.cpp
     1>F:\libmodplug-master\src\load_mtm.cpp(61): warning C4996: 'strncpy': This function or variable may be unsafe. Consider using strncpy_s instead. To disable deprecation, use _CRT_SECURE_NO_WARNINGS. See online help for details.
         C:\Program Files (x86)\Windows Kits\10\Include\10.0.10150.0\ucrt\string.h(346): note: see declaration of 'strncpy'
     1>F:\libmodplug-master\src\load_mtm.cpp(73): warning C4996: 'strncpy': This function or variable may be unsafe. Consider using strncpy_s instead. To disable deprecation, use _CRT_SECURE_NO_WARNINGS. See online help for details.
         C:\Program Files (x86)\Windows Kits\10\Include\10.0.10150.0\ucrt\string.h(346): note: see declaration of 'strncpy'
         load_okt.cpp
         load_pat.cpp
     1>F:\libmodplug-master\src\load_pat.cpp(166): warning C4996: 'sprintf': This function or variable may be unsafe. Consider using sprintf_s instead. To disable deprecation, use _CRT_SECURE_NO_WARNINGS. See online help for details.
         C:\Program Files (x86)\Windows Kits\10\Include\10.0.10150.0\ucrt\stdio.h(1769): note: see declaration of 'sprintf'
     1>F:\libmodplug-master\src\load_pat.cpp(181): warning C4267: 'return': conversion from 'size_t' to 'int', possible loss of data
     1>F:\libmodplug-master\src\load_pat.cpp(186): warning C4267: 'return': conversion from 'size_t' to 'int', possible loss of data
     1>F:\libmodplug-master\src\load_pat.cpp(219): warning C4996: 'sprintf': This function or variable may be unsafe. Consider using sprintf_s instead. To disable deprecation, use _CRT_SECURE_NO_WARNINGS. See online help for details.
         C:\Program Files (x86)\Windows Kits\10\Include\10.0.10150.0\ucrt\stdio.h(1769): note: see declaration of 'sprintf'
     1>F:\libmodplug-master\src\load_pat.cpp(364): warning C4996: 'strncpy': This function or variable may be unsafe. Consider using strncpy_s instead. To disable deprecation, use _CRT_SECURE_NO_WARNINGS. See online help for details.
         C:\Program Files (x86)\Windows Kits\10\Include\10.0.10150.0\ucrt\string.h(346): note: see declaration of 'strncpy'
     1>F:\libmodplug-master\src\load_pat.cpp(365): warning C4996: 'strncpy': This function or variable may be unsafe. Consider using strncpy_s instead. To disable deprecation, use _CRT_SECURE_NO_WARNINGS. See online help for details.
         C:\Program Files (x86)\Windows Kits\10\Include\10.0.10150.0\ucrt\string.h(346): note: see declaration of 'strncpy'
     1>F:\libmodplug-master\src\load_pat.cpp(366): warning C4996: 'getenv': This function or variable may be unsafe. Consider using _dupenv_s instead. To disable deprecation, use _CRT_SECURE_NO_WARNINGS. See online help for details.
         C:\Program Files (x86)\Windows Kits\10\Include\10.0.10150.0\ucrt\stdlib.h(1183): note: see declaration of 'getenv'
     1>F:\libmodplug-master\src\load_pat.cpp(368): warning C4996: 'strncpy': This function or variable may be unsafe. Consider using strncpy_s instead. To disable deprecation, use _CRT_SECURE_NO_WARNINGS. See online help for details.
         C:\Program Files (x86)\Windows Kits\10\Include\10.0.10150.0\ucrt\string.h(346): note: see declaration of 'strncpy'
     1>F:\libmodplug-master\src\load_pat.cpp(369): warning C4996: 'strncpy': This function or variable may be unsafe. Consider using strncpy_s instead. To disable deprecation, use _CRT_SECURE_NO_WARNINGS. See online help for details.
         C:\Program Files (x86)\Windows Kits\10\Include\10.0.10150.0\ucrt\string.h(346): note: see declaration of 'strncpy'
     1>F:\libmodplug-master\src\load_pat.cpp(370): warning C4996: 'strcat': This function or variable may be unsafe. Consider using strcat_s instead. To disable deprecation, use _CRT_SECURE_NO_WARNINGS. See online help for details.
         C:\Program Files (x86)\Windows Kits\10\Include\10.0.10150.0\ucrt\string.h(90): note: see declaration of 'strcat'
     1>F:\libmodplug-master\src\load_pat.cpp(371): warning C4996: 'strcat': This function or variable may be unsafe. Consider using strcat_s instead. To disable deprecation, use _CRT_SECURE_NO_WARNINGS. See online help for details.
         C:\Program Files (x86)\Windows Kits\10\Include\10.0.10150.0\ucrt\string.h(90): note: see declaration of 'strcat'
     1>F:\libmodplug-master\src\load_pat.cpp(373): warning C4996: 'strncpy': This function or variable may be unsafe. Consider using strncpy_s instead. To disable deprecation, use _CRT_SECURE_NO_WARNINGS. See online help for details.
         C:\Program Files (x86)\Windows Kits\10\Include\10.0.10150.0\ucrt\string.h(346): note: see declaration of 'strncpy'
     1>F:\libmodplug-master\src\load_pat.cpp(380): warning C4996: 'fopen': This function or variable may be unsafe. Consider using fopen_s instead. To disable deprecation, use _CRT_SECURE_NO_WARNINGS. See online help for details.
         C:\Program Files (x86)\Windows Kits\10\Include\10.0.10150.0\ucrt\stdio.h(205): note: see declaration of 'fopen'
     1>F:\libmodplug-master\src\load_pat.cpp(446): warning C4996: 'strcpy': This function or variable may be unsafe. Consider using strcpy_s instead. To disable deprecation, use _CRT_SECURE_NO_WARNINGS. See online help for details.
         C:\Program Files (x86)\Windows Kits\10\Include\10.0.10150.0\ucrt\string.h(119): note: see declaration of 'strcpy'
     1>F:\libmodplug-master\src\load_pat.cpp(454): warning C4996: 'strcpy': This function or variable may be unsafe. Consider using strcpy_s instead. To disable deprecation, use _CRT_SECURE_NO_WARNINGS. See online help for details.
         C:\Program Files (x86)\Windows Kits\10\Include\10.0.10150.0\ucrt\string.h(119): note: see declaration of 'strcpy'
     1>F:\libmodplug-master\src\load_pat.cpp(467): warning C4996: 'sprintf': This function or variable may be unsafe. Consider using sprintf_s instead. To disable deprecation, use _CRT_SECURE_NO_WARNINGS. See online help for details.
         C:\Program Files (x86)\Windows Kits\10\Include\10.0.10150.0\ucrt\stdio.h(1769): note: see declaration of 'sprintf'
     1>F:\libmodplug-master\src\load_pat.cpp(468): warning C4996: 'strcpy': This function or variable may be unsafe. Consider using strcpy_s instead. To disable deprecation, use _CRT_SECURE_NO_WARNINGS. See online help for details.
         C:\Program Files (x86)\Windows Kits\10\Include\10.0.10150.0\ucrt\string.h(119): note: see declaration of 'strcpy'
     1>F:\libmodplug-master\src\load_pat.cpp(471): warning C4996: 'sprintf': This function or variable may be unsafe. Consider using sprintf_s instead. To disable deprecation, use _CRT_SECURE_NO_WARNINGS. See online help for details.
         C:\Program Files (x86)\Windows Kits\10\Include\10.0.10150.0\ucrt\stdio.h(1769): note: see declaration of 'sprintf'
     1>F:\libmodplug-master\src\load_pat.cpp(479): warning C4996: 'strncpy': This function or variable may be unsafe. Consider using strncpy_s instead. To disable deprecation, use _CRT_SECURE_NO_WARNINGS. See online help for details.
         C:\Program Files (x86)\Windows Kits\10\Include\10.0.10150.0\ucrt\string.h(346): note: see declaration of 'strncpy'
     1>F:\libmodplug-master\src\load_pat.cpp(495): warning C4996: 'strncpy': This function or variable may be unsafe. Consider using strncpy_s instead. To disable deprecation, use _CRT_SECURE_NO_WARNINGS. See online help for details.
         C:\Program Files (x86)\Windows Kits\10\Include\10.0.10150.0\ucrt\string.h(346): note: see declaration of 'strncpy'
     1>F:\libmodplug-master\src\load_pat.cpp(542): warning C4996: 'strncpy': This function or variable may be unsafe. Consider using strncpy_s instead. To disable deprecation, use _CRT_SECURE_NO_WARNINGS. See online help for details.
         C:\Program Files (x86)\Windows Kits\10\Include\10.0.10150.0\ucrt\string.h(346): note: see declaration of 'strncpy'
     1>F:\libmodplug-master\src\load_pat.cpp(607): warning C4996: 'fopen': This function or variable may be unsafe. Consider using fopen_s instead. To disable deprecation, use _CRT_SECURE_NO_WARNINGS. See online help for details.
         C:\Program Files (x86)\Windows Kits\10\Include\10.0.10150.0\ucrt\stdio.h(205): note: see declaration of 'fopen'
     1>F:\libmodplug-master\src\load_pat.cpp(688): warning C4996: 'fopen': This function or variable may be unsafe. Consider using fopen_s instead. To disable deprecation, use _CRT_SECURE_NO_WARNINGS. See online help for details.
         C:\Program Files (x86)\Windows Kits\10\Include\10.0.10150.0\ucrt\stdio.h(205): note: see declaration of 'fopen'
     1>F:\libmodplug-master\src\load_pat.cpp(1018): warning C4996: 'strncpy': This function or variable may be unsafe. Consider using strncpy_s instead. To disable deprecation, use _CRT_SECURE_NO_WARNINGS. See online help for details.
         C:\Program Files (x86)\Windows Kits\10\Include\10.0.10150.0\ucrt\string.h(346): note: see declaration of 'strncpy'
     1>F:\libmodplug-master\src\load_pat.cpp(1022): warning C4996: 'strncpy': This function or variable may be unsafe. Consider using strncpy_s instead. To disable deprecation, use _CRT_SECURE_NO_WARNINGS. See online help for details.
         C:\Program Files (x86)\Windows Kits\10\Include\10.0.10150.0\ucrt\string.h(346): note: see declaration of 'strncpy'
     1>F:\libmodplug-master\src\load_pat.cpp(1024): warning C4996: 'strncpy': This function or variable may be unsafe. Consider using strncpy_s instead. To disable deprecation, use _CRT_SECURE_NO_WARNINGS. See online help for details.
         C:\Program Files (x86)\Windows Kits\10\Include\10.0.10150.0\ucrt\string.h(346): note: see declaration of 'strncpy'
     1>F:\libmodplug-master\src\load_pat.cpp(1027): warning C4996: 'strcpy': This function or variable may be unsafe. Consider using strcpy_s instead. To disable deprecation, use _CRT_SECURE_NO_WARNINGS. See online help for details.
         C:\Program Files (x86)\Windows Kits\10\Include\10.0.10150.0\ucrt\string.h(119): note: see declaration of 'strcpy'
     1>F:\libmodplug-master\src\load_pat.cpp(1028): warning C4996: 'strncpy': This function or variable may be unsafe. Consider using strncpy_s instead. To disable deprecation, use _CRT_SECURE_NO_WARNINGS. See online help for details.
         C:\Program Files (x86)\Windows Kits\10\Include\10.0.10150.0\ucrt\string.h(346): note: see declaration of 'strncpy'
     1>F:\libmodplug-master\src\load_pat.cpp(1031): warning C4996: 'strcpy': This function or variable may be unsafe. Consider using strcpy_s instead. To disable deprecation, use _CRT_SECURE_NO_WARNINGS. See online help for details.
         C:\Program Files (x86)\Windows Kits\10\Include\10.0.10150.0\ucrt\string.h(119): note: see declaration of 'strcpy'
     1>F:\libmodplug-master\src\load_pat.cpp(1059): warning C4996: 'sprintf': This function or variable may be unsafe. Consider using sprintf_s instead. To disable deprecation, use _CRT_SECURE_NO_WARNINGS. See online help for details.
         C:\Program Files (x86)\Windows Kits\10\Include\10.0.10150.0\ucrt\stdio.h(1769): note: see declaration of 'sprintf'
     1>F:\libmodplug-master\src\load_pat.cpp(1062): warning C4996: 'strncpy': This function or variable may be unsafe. Consider using strncpy_s instead. To disable deprecation, use _CRT_SECURE_NO_WARNINGS. See online help for details.
         C:\Program Files (x86)\Windows Kits\10\Include\10.0.10150.0\ucrt\string.h(346): note: see declaration of 'strncpy'
     1>F:\libmodplug-master\src\load_pat.cpp(1123): warning C4996: 'strncpy': This function or variable may be unsafe. Consider using strncpy_s instead. To disable deprecation, use _CRT_SECURE_NO_WARNINGS. See online help for details.
         C:\Program Files (x86)\Windows Kits\10\Include\10.0.10150.0\ucrt\string.h(346): note: see declaration of 'strncpy'
     1>F:\libmodplug-master\src\load_pat.cpp(1153): warning C4996: 'sprintf': This function or variable may be unsafe. Consider using sprintf_s instead. To disable deprecation, use _CRT_SECURE_NO_WARNINGS. See online help for details.
         C:\Program Files (x86)\Windows Kits\10\Include\10.0.10150.0\ucrt\stdio.h(1769): note: see declaration of 'sprintf'
     1>F:\libmodplug-master\src\load_pat.cpp(1155): warning C4996: 'sprintf': This function or variable may be unsafe. Consider using sprintf_s instead. To disable deprecation, use _CRT_SECURE_NO_WARNINGS. See online help for details.
         C:\Program Files (x86)\Windows Kits\10\Include\10.0.10150.0\ucrt\stdio.h(1769): note: see declaration of 'sprintf'
     1>F:\libmodplug-master\src\load_pat.cpp(1157): warning C4996: 'strcpy': This function or variable may be unsafe. Consider using strcpy_s instead. To disable deprecation, use _CRT_SECURE_NO_WARNINGS. See online help for details.
         C:\Program Files (x86)\Windows Kits\10\Include\10.0.10150.0\ucrt\string.h(119): note: see declaration of 'strcpy'
     1>F:\libmodplug-master\src\load_pat.cpp(1184): warning C4996: 'sprintf': This function or variable may be unsafe. Consider using sprintf_s instead. To disable deprecation, use _CRT_SECURE_NO_WARNINGS. See online help for details.
         C:\Program Files (x86)\Windows Kits\10\Include\10.0.10150.0\ucrt\stdio.h(1769): note: see declaration of 'sprintf'
     1>F:\libmodplug-master\src\load_pat.cpp(1187): warning C4996: 'strcpy': This function or variable may be unsafe. Consider using strcpy_s instead. To disable deprecation, use _CRT_SECURE_NO_WARNINGS. See online help for details.
         C:\Program Files (x86)\Windows Kits\10\Include\10.0.10150.0\ucrt\string.h(119): note: see declaration of 'strcpy'
     1>F:\libmodplug-master\src\load_pat.cpp(1190): warning C4996: 'strcpy': This function or variable may be unsafe. Consider using strcpy_s instead. To disable deprecation, use _CRT_SECURE_NO_WARNINGS. See online help for details.
         C:\Program Files (x86)\Windows Kits\10\Include\10.0.10150.0\ucrt\string.h(119): note: see declaration of 'strcpy'
     1>F:\libmodplug-master\src\load_pat.cpp(1206): warning C4996: 'sprintf': This function or variable may be unsafe. Consider using sprintf_s instead. To disable deprecation, use _CRT_SECURE_NO_WARNINGS. See online help for details.
         C:\Program Files (x86)\Windows Kits\10\Include\10.0.10150.0\ucrt\stdio.h(1769): note: see declaration of 'sprintf'
     1>F:\libmodplug-master\src\load_pat.cpp(1209): warning C4996: 'sprintf': This function or variable may be unsafe. Consider using sprintf_s instead. To disable deprecation, use _CRT_SECURE_NO_WARNINGS. See online help for details.
         C:\Program Files (x86)\Windows Kits\10\Include\10.0.10150.0\ucrt\stdio.h(1769): note: see declaration of 'sprintf'
     1>F:\libmodplug-master\src\load_pat.cpp(1211): warning C4996: 'sprintf': This function or variable may be unsafe. Consider using sprintf_s instead. To disable deprecation, use _CRT_SECURE_NO_WARNINGS. See online help for details.
         C:\Program Files (x86)\Windows Kits\10\Include\10.0.10150.0\ucrt\stdio.h(1769): note: see declaration of 'sprintf'
     1>F:\libmodplug-master\src\load_pat.cpp(1215): warning C4996: 'strcpy': This function or variable may be unsafe. Consider using strcpy_s instead. To disable deprecation, use _CRT_SECURE_NO_WARNINGS. See online help for details.
         C:\Program Files (x86)\Windows Kits\10\Include\10.0.10150.0\ucrt\string.h(119): note: see declaration of 'strcpy'
     1>F:\libmodplug-master\src\load_pat.cpp(1240): warning C4996: 'strncpy': This function or variable may be unsafe. Consider using strncpy_s instead. To disable deprecation, use _CRT_SECURE_NO_WARNINGS. See online help for details.
         C:\Program Files (x86)\Windows Kits\10\Include\10.0.10150.0\ucrt\string.h(346): note: see declaration of 'strncpy'
     1>F:\libmodplug-master\src\load_pat.cpp(1242): warning C4996: 'strncpy': This function or variable may be unsafe. Consider using strncpy_s instead. To disable deprecation, use _CRT_SECURE_NO_WARNINGS. See online help for details.
         C:\Program Files (x86)\Windows Kits\10\Include\10.0.10150.0\ucrt\string.h(346): note: see declaration of 'strncpy'
         load_psm.cpp
         Generating Code...
         Compiling...
         load_ptm.cpp
         load_s3m.cpp
     1>F:\libmodplug-master\src\load_s3m.cpp(312): warning C4244: '=': conversion from 'DWORD' to 'WORD', possible loss of data
         load_stm.cpp
         load_ult.cpp
         load_umx.cpp
     1>F:\libmodplug-master\src\load_umx.cpp(179): warning C4996: 'strcpy': This function or variable may be unsafe. Consider using strcpy_s instead. To disable deprecation, use _CRT_SECURE_NO_WARNINGS. See online help for details.
         C:\Program Files (x86)\Windows Kits\10\Include\10.0.10150.0\ucrt\string.h(119): note: see declaration of 'strcpy'
         load_wav.cpp
         load_xm.cpp
         mmcmp.cpp
         modplug.cpp
         snd_dsp.cpp
         snd_flt.cpp
     1>F:\libmodplug-master\src\snd_flt.cpp(59): warning C4244: '=': conversion from 'double' to 'float', possible loss of data
     1>F:\libmodplug-master\src\snd_flt.cpp(61): warning C4244: '=': conversion from 'double' to 'float', possible loss of data
     1>F:\libmodplug-master\src\snd_flt.cpp(79): warning C4244: 'initializing': conversion from 'double' to 'float', possible loss of data
     1>F:\libmodplug-master\src\snd_flt.cpp(83): warning C4244: 'initializing': conversion from 'double' to 'float', possible loss of data
         snd_fx.cpp
         sndfile.cpp
     1>F:\libmodplug-master\src\sndfile.cpp(799): warning C4267: 'return': conversion from 'size_t' to 'UINT', possible loss of data
     1>F:\libmodplug-master\src\sndfile.cpp(798): warning C4996: 'strcpy': This function or variable may be unsafe. Consider using strcpy_s instead. To disable deprecation, use _CRT_SECURE_NO_WARNINGS. See online help for details.
         C:\Program Files (x86)\Windows Kits\10\Include\10.0.10150.0\ucrt\string.h(119): note: see declaration of 'strcpy'
     1>F:\libmodplug-master\src\sndfile.cpp(816): warning C4267: 'return': conversion from 'size_t' to 'UINT', possible loss of data
     1>F:\libmodplug-master\src\sndfile.cpp(815): warning C4996: 'strcpy': This function or variable may be unsafe. Consider using strcpy_s instead. To disable deprecation, use _CRT_SECURE_NO_WARNINGS. See online help for details.
         C:\Program Files (x86)\Windows Kits\10\Include\10.0.10150.0\ucrt\string.h(119): note: see declaration of 'strcpy'
         sndmix.cpp
         Generating Code...
       Lib:
         C:\Program Files (x86)\Microsoft Visual Studio 14.0\VC\bin\x86_amd64\Lib.exe /OUT:"F:\libmodplug-master\bin\MinSizeRel\modplug.lib" /NOLOGO /MACHINE:X64  /machine:x64 modplug.dir\MinSizeRel\fastmix.obj
         modplug.dir\MinSizeRel\load_669.obj
         modplug.dir\MinSizeRel\load_abc.obj
         modplug.dir\MinSizeRel\load_amf.obj
         modplug.dir\MinSizeRel\load_ams.obj
         modplug.dir\MinSizeRel\load_dbm.obj
         modplug.dir\MinSizeRel\load_dmf.obj
         modplug.dir\MinSizeRel\load_dsm.obj
         modplug.dir\MinSizeRel\load_far.obj
         modplug.dir\MinSizeRel\load_it.obj
         modplug.dir\MinSizeRel\load_j2b.obj
         modplug.dir\MinSizeRel\load_mdl.obj
         modplug.dir\MinSizeRel\load_med.obj
         modplug.dir\MinSizeRel\load_mid.obj
         modplug.dir\MinSizeRel\load_mod.obj
         modplug.dir\MinSizeRel\load_mt2.obj
         modplug.dir\MinSizeRel\load_mtm.obj
         modplug.dir\MinSizeRel\load_okt.obj
         modplug.dir\MinSizeRel\load_pat.obj
         modplug.dir\MinSizeRel\load_psm.obj
         modplug.dir\MinSizeRel\load_ptm.obj
         modplug.dir\MinSizeRel\load_s3m.obj
         modplug.dir\MinSizeRel\load_stm.obj
         modplug.dir\MinSizeRel\load_ult.obj
         modplug.dir\MinSizeRel\load_umx.obj
         modplug.dir\MinSizeRel\load_wav.obj
         modplug.dir\MinSizeRel\load_xm.obj
         modplug.dir\MinSizeRel\mmcmp.obj
         modplug.dir\MinSizeRel\modplug.obj
         modplug.dir\MinSizeRel\snd_dsp.obj
         modplug.dir\MinSizeRel\snd_flt.obj
         modplug.dir\MinSizeRel\snd_fx.obj
         modplug.dir\MinSizeRel\sndfile.obj
         modplug.dir\MinSizeRel\sndmix.obj
         modplug.vcxproj -> F:\libmodplug-master\bin\MinSizeRel\modplug.lib
     1>Done Building Project "F:\libmodplug-master\bin\modplug.vcxproj" (Build target(s)).

Build succeeded.

Time Elapsed 00:00:07.67
